<?xml version="1.0" encoding="UTF-8"?>
<testng-results skipped="0" failed="0" ignored="0" total="1" passed="1">
  <reporter-output>
  </reporter-output>
  <suite name="Default suite" duration-ms="59" started-at="2020-08-03T05:40:59Z" finished-at="2020-08-03T05:40:59Z">
    <groups>
    </groups>
    <test name="Default test" duration-ms="59" started-at="2020-08-03T05:40:59Z" finished-at="2020-08-03T05:40:59Z">
      <class name="Demo">
        <test-method status="PASS" signature="test1()[pri:0, instance:Demo@144fc66]" name="test1" duration-ms="21" started-at="2020-08-03T11:10:59Z" finished-at="2020-08-03T11:10:59Z">
          <reporter-output>
          </reporter-output>
        </test-method> <!-- test1 -->
      </class> <!-- Demo -->
    </test> <!-- Default test -->
  </suite> <!-- Default suite -->
</testng-results>
